<?xml version="1.0" encoding="UTF-8"?>
<!-- Generated by org.testng.reporters.JUnitReportReporter -->
<testsuite hostname="DESKTOP-04BK3GM" name="MavenPrintMsgGit.MavenPrintMsgGitLearning.AppTest" tests="1" failures="0" timestamp="21 Nov 2017 03:31:19 GMT" time="0.010" errors="0">
  <testcase name="testApp" time="0.010" classname="MavenPrintMsgGit.MavenPrintMsgGitLearning.AppTest"/>
</testsuite>
